13:14:22.051 [main] INFO  stepDefinitions.steps - Browser opens the url
13:14:23.179 [main] INFO  stepDefinitions.steps - Entered the username....
13:14:24.320 [main] INFO  stepDefinitions.steps - Entered the password....
13:14:28.727 [main] INFO  stepDefinitions.steps - Clicked the login button
13:14:32.859 [main] INFO  stepDefinitions.steps - Click on the customer menus...
13:14:37.003 [main] INFO  stepDefinitions.steps - Click on the customer menu Item...
13:14:41.181 [main] INFO  stepDefinitions.steps - Click on the customer sub menu...
13:14:43.227 [main] INFO  stepDefinitions.steps - Click on the add new customer
13:14:46.580 [main] INFO  stepDefinitions.steps - Click on save button...
13:14:46.736 [main] INFO  stepDefinitions.steps - Checking the customer added message...
13:14:46.752 [main] INFO  stepDefinitions.steps - ..........Ended with Passed Scenario...............
13:14:51.099 [main] INFO  stepDefinitions.steps - Browser opens the url
13:14:52.229 [main] INFO  stepDefinitions.steps - Entered the username....
13:14:53.370 [main] INFO  stepDefinitions.steps - Entered the password....
13:14:57.245 [main] INFO  stepDefinitions.steps - Clicked the login button
13:15:01.540 [main] INFO  stepDefinitions.steps - Click on the customer menus...
13:15:05.681 [main] INFO  stepDefinitions.steps - Click on the customer menu Item...
13:15:09.792 [main] INFO  stepDefinitions.steps - Entered the Email id for serach Customer....
13:15:09.842 [main] INFO  stepDefinitions.steps - Click on the save button....
13:15:15.662 [main] INFO  stepDefinitions.steps - Browser opens the url
13:15:16.788 [main] INFO  stepDefinitions.steps - Entered the username....
13:15:17.901 [main] INFO  stepDefinitions.steps - Entered the password....
13:15:23.030 [main] INFO  stepDefinitions.steps - Clicked the login button
13:15:27.139 [main] INFO  stepDefinitions.steps - Click on the customer menus...
13:15:31.221 [main] INFO  stepDefinitions.steps - Click on the customer menu Item...
13:15:31.302 [main] INFO  stepDefinitions.steps - Enter the First Name....
13:15:32.404 [main] INFO  stepDefinitions.steps - Enter the last name....
13:15:32.453 [main] INFO  stepDefinitions.steps - Click on the save button....
13:15:37.637 [main] INFO  stepDefinitions.steps - Browser opens the url
13:15:38.747 [main] INFO  stepDefinitions.steps - Entered the username....
13:15:39.832 [main] INFO  stepDefinitions.steps - Entered the password....
13:15:43.815 [main] INFO  stepDefinitions.steps - Clicked the login button
13:15:43.841 [main] INFO  stepDefinitions.steps - Get the title of the page
13:15:46.937 [main] INFO  stepDefinitions.steps - Get the title of the page
13:15:46.956 [main] INFO  stepDefinitions.steps - ..........Ended with Passed Scenario...............
13:15:51.310 [main] INFO  stepDefinitions.steps - Browser opens the url
13:15:52.411 [main] INFO  stepDefinitions.steps - Entered the username....
13:15:53.533 [main] INFO  stepDefinitions.steps - Entered the password....
13:15:54.998 [main] INFO  stepDefinitions.steps - Clicked the login button
13:15:55.007 [main] ERROR stepDefinitions.steps - Login was unsuccessful....
13:15:59.643 [main] INFO  stepDefinitions.steps - Browser opens the url
13:16:00.763 [main] INFO  stepDefinitions.steps - Entered the username....
13:16:01.876 [main] INFO  stepDefinitions.steps - Entered the password....
13:16:06.321 [main] INFO  stepDefinitions.steps - Clicked the login button
13:16:06.354 [main] INFO  stepDefinitions.steps - Get the title of the page
13:16:09.450 [main] INFO  stepDefinitions.steps - Get the title of the page
13:16:09.466 [main] INFO  stepDefinitions.steps - ..........Ended with Passed Scenario...............
13:16:14.814 [main] INFO  stepDefinitions.steps - Browser opens the url
13:16:15.919 [main] INFO  stepDefinitions.steps - Entered the username....
13:16:16.995 [main] INFO  stepDefinitions.steps - Entered the password....
13:16:18.467 [main] INFO  stepDefinitions.steps - Clicked the login button
13:16:18.474 [main] ERROR stepDefinitions.steps - Login was unsuccessful....
13:34:09.070 [main] INFO  stepDefinitions.steps - Browser opens the url
13:34:10.183 [main] INFO  stepDefinitions.steps - Entered the username....
13:34:11.294 [main] INFO  stepDefinitions.steps - Entered the password....
13:34:16.106 [main] INFO  stepDefinitions.steps - Clicked the login button
13:34:20.216 [main] INFO  stepDefinitions.steps - Click on the customer menus...
13:34:24.352 [main] INFO  stepDefinitions.steps - Click on the customer menu Item...
13:34:28.458 [main] INFO  stepDefinitions.steps - Entered the Email id for serach Customer....
13:34:29.521 [main] INFO  stepDefinitions.steps - Click on the save button....
13:34:29.556 [main] INFO  stepDefinitions.steps - Checking the status of the Search Customer by Email....
13:34:29.570 [main] INFO  stepDefinitions.steps - ..........Ended with Passed Scenario...............
13:34:34.971 [main] INFO  stepDefinitions.steps - Browser opens the url
13:34:36.076 [main] INFO  stepDefinitions.steps - Entered the username....
13:34:37.196 [main] INFO  stepDefinitions.steps - Entered the password....
13:34:42.674 [main] INFO  stepDefinitions.steps - Clicked the login button
13:34:46.816 [main] INFO  stepDefinitions.steps - Click on the customer menus...
13:34:50.912 [main] INFO  stepDefinitions.steps - Click on the customer menu Item...
13:34:50.993 [main] INFO  stepDefinitions.steps - Enter the First Name....
13:34:52.079 [main] INFO  stepDefinitions.steps - Enter the last name....
13:34:53.142 [main] INFO  stepDefinitions.steps - Click on the save button....
13:34:53.173 [main] INFO  stepDefinitions.steps - Checking the status of the Search Customer by Name....
13:34:53.189 [main] INFO  stepDefinitions.steps - ..........Ended with Passed Scenario...............
13:35:56.967 [main] INFO  stepDefinitions.steps - Browser opens the url
13:35:58.070 [main] INFO  stepDefinitions.steps - Entered the username....
13:35:59.226 [main] INFO  stepDefinitions.steps - Entered the password....
13:36:03.990 [main] INFO  stepDefinitions.steps - Clicked the login button
13:36:08.141 [main] INFO  stepDefinitions.steps - Click on the customer menus...
13:36:12.248 [main] INFO  stepDefinitions.steps - Click on the customer menu Item...
13:36:16.336 [main] INFO  stepDefinitions.steps - Entered the Email id for serach Customer....
13:36:17.406 [main] INFO  stepDefinitions.steps - Click on the save button....
13:36:17.437 [main] INFO  stepDefinitions.steps - Checking the status of the Search Customer by Email....
13:36:17.456 [main] INFO  stepDefinitions.steps - ..........Ended with Passed Scenario...............
13:36:21.859 [main] INFO  stepDefinitions.steps - Browser opens the url
13:36:22.966 [main] INFO  stepDefinitions.steps - Entered the username....
13:36:24.102 [main] INFO  stepDefinitions.steps - Entered the password....
13:36:28.796 [main] INFO  stepDefinitions.steps - Clicked the login button
13:36:32.906 [main] INFO  stepDefinitions.steps - Click on the customer menus...
13:36:37.135 [main] INFO  stepDefinitions.steps - Click on the customer menu Item...
13:36:37.240 [main] INFO  stepDefinitions.steps - Enter the First Name....
13:36:38.326 [main] INFO  stepDefinitions.steps - Enter the last name....
13:36:39.390 [main] INFO  stepDefinitions.steps - Click on the save button....
13:36:39.437 [main] INFO  stepDefinitions.steps - Checking the status of the Search Customer by Name....
13:36:39.453 [main] INFO  stepDefinitions.steps - ..........Ended with Passed Scenario...............
13:37:00.596 [main] INFO  stepDefinitions.steps - Browser opens the url
13:37:01.699 [main] INFO  stepDefinitions.steps - Entered the username....
13:37:02.822 [main] INFO  stepDefinitions.steps - Entered the password....
13:37:07.375 [main] INFO  stepDefinitions.steps - Clicked the login button
13:37:11.543 [main] INFO  stepDefinitions.steps - Click on the customer menus...
13:37:15.597 [main] INFO  stepDefinitions.steps - Click on the customer menu Item...
13:37:19.707 [main] INFO  stepDefinitions.steps - Entered the Email id for serach Customer....
13:37:20.772 [main] INFO  stepDefinitions.steps - Click on the save button....
13:37:20.803 [main] INFO  stepDefinitions.steps - Checking the status of the Search Customer by Email....
13:37:20.834 [main] INFO  stepDefinitions.steps - ..........Ended with Passed Scenario...............
13:37:25.300 [main] INFO  stepDefinitions.steps - Browser opens the url
13:37:26.410 [main] INFO  stepDefinitions.steps - Entered the username....
13:37:27.530 [main] INFO  stepDefinitions.steps - Entered the password....
13:37:32.192 [main] INFO  stepDefinitions.steps - Clicked the login button
13:37:36.312 [main] INFO  stepDefinitions.steps - Click on the customer menus...
13:37:40.444 [main] INFO  stepDefinitions.steps - Click on the customer menu Item...
13:37:40.520 [main] INFO  stepDefinitions.steps - Enter the First Name....
13:37:41.608 [main] INFO  stepDefinitions.steps - Enter the last name....
13:37:42.699 [main] INFO  stepDefinitions.steps - Click on the save button....
13:37:42.731 [main] INFO  stepDefinitions.steps - Checking the status of the Search Customer by Name....
13:37:42.762 [main] INFO  stepDefinitions.steps - ..........Ended with Passed Scenario...............
13:38:14.336 [main] INFO  stepDefinitions.steps - Browser opens the url
13:38:15.447 [main] INFO  stepDefinitions.steps - Entered the username....
13:38:16.508 [main] INFO  stepDefinitions.steps - Entered the password....
13:38:21.379 [main] INFO  stepDefinitions.steps - Clicked the login button
13:38:25.506 [main] INFO  stepDefinitions.steps - Click on the customer menus...
13:38:29.893 [main] INFO  stepDefinitions.steps - Click on the customer menu Item...
13:38:34.207 [main] INFO  stepDefinitions.steps - Click on the customer sub menu...
13:38:36.237 [main] INFO  stepDefinitions.steps - Click on the add new customer
13:38:39.727 [main] INFO  stepDefinitions.steps - Click on save button...
13:38:39.884 [main] INFO  stepDefinitions.steps - Checking the customer added message...
13:38:39.900 [main] INFO  stepDefinitions.steps - ..........Ended with Passed Scenario...............
13:38:44.279 [main] INFO  stepDefinitions.steps - Browser opens the url
13:38:45.396 [main] INFO  stepDefinitions.steps - Entered the username....
13:38:46.494 [main] INFO  stepDefinitions.steps - Entered the password....
13:38:52.158 [main] INFO  stepDefinitions.steps - Clicked the login button
13:38:56.313 [main] INFO  stepDefinitions.steps - Click on the customer menus...
13:39:00.382 [main] INFO  stepDefinitions.steps - Click on the customer menu Item...
13:39:04.492 [main] INFO  stepDefinitions.steps - Entered the Email id for serach Customer....
13:39:05.555 [main] INFO  stepDefinitions.steps - Click on the save button....
13:39:05.586 [main] INFO  stepDefinitions.steps - Checking the status of the Search Customer by Email....
13:39:05.601 [main] INFO  stepDefinitions.steps - ..........Ended with Passed Scenario...............
13:39:10.988 [main] INFO  stepDefinitions.steps - Browser opens the url
13:39:12.129 [main] INFO  stepDefinitions.steps - Entered the username....
13:39:13.274 [main] INFO  stepDefinitions.steps - Entered the password....
13:39:18.509 [main] INFO  stepDefinitions.steps - Clicked the login button
13:39:22.752 [main] INFO  stepDefinitions.steps - Click on the customer menus...
13:39:26.954 [main] INFO  stepDefinitions.steps - Click on the customer menu Item...
13:39:27.028 [main] INFO  stepDefinitions.steps - Enter the First Name....
13:39:28.117 [main] INFO  stepDefinitions.steps - Enter the last name....
13:39:29.175 [main] INFO  stepDefinitions.steps - Click on the save button....
13:39:29.220 [main] INFO  stepDefinitions.steps - Checking the status of the Search Customer by Name....
13:39:29.236 [main] INFO  stepDefinitions.steps - ..........Ended with Passed Scenario...............
13:39:56.854 [main] INFO  stepDefinitions.steps - Browser opens the url
13:39:57.970 [main] INFO  stepDefinitions.steps - Entered the username....
13:39:59.052 [main] INFO  stepDefinitions.steps - Entered the password....
13:40:03.093 [main] INFO  stepDefinitions.steps - Clicked the login button
13:40:07.371 [main] INFO  stepDefinitions.steps - Click on the customer menus...
13:40:11.484 [main] INFO  stepDefinitions.steps - Click on the customer menu Item...
13:40:15.613 [main] INFO  stepDefinitions.steps - Click on the customer sub menu...
13:40:17.653 [main] INFO  stepDefinitions.steps - Click on the add new customer
13:40:21.086 [main] INFO  stepDefinitions.steps - Click on save button...
13:40:21.227 [main] INFO  stepDefinitions.steps - Checking the customer added message...
13:40:21.243 [main] INFO  stepDefinitions.steps - ..........Ended with Passed Scenario...............
13:40:25.832 [main] INFO  stepDefinitions.steps - Browser opens the url
13:40:26.939 [main] INFO  stepDefinitions.steps - Entered the username....
13:40:28.007 [main] INFO  stepDefinitions.steps - Entered the password....
13:40:32.494 [main] INFO  stepDefinitions.steps - Clicked the login button
13:40:36.562 [main] INFO  stepDefinitions.steps - Click on the customer menus...
13:40:40.658 [main] INFO  stepDefinitions.steps - Click on the customer menu Item...
13:40:44.761 [main] INFO  stepDefinitions.steps - Entered the Email id for serach Customer....
13:40:45.817 [main] INFO  stepDefinitions.steps - Click on the save button....
13:40:45.848 [main] INFO  stepDefinitions.steps - Checking the status of the Search Customer by Email....
13:40:45.873 [main] INFO  stepDefinitions.steps - ..........Ended with Passed Scenario...............
13:40:50.046 [main] INFO  stepDefinitions.steps - Browser opens the url
13:40:51.174 [main] INFO  stepDefinitions.steps - Entered the username....
13:40:52.294 [main] INFO  stepDefinitions.steps - Entered the password....
13:40:56.937 [main] INFO  stepDefinitions.steps - Clicked the login button
13:41:01.185 [main] INFO  stepDefinitions.steps - Click on the customer menus...
13:41:05.350 [main] INFO  stepDefinitions.steps - Click on the customer menu Item...
13:41:05.418 [main] INFO  stepDefinitions.steps - Enter the First Name....
13:41:06.510 [main] INFO  stepDefinitions.steps - Enter the last name....
13:41:07.585 [main] INFO  stepDefinitions.steps - Click on the save button....
13:41:07.613 [main] INFO  stepDefinitions.steps - Checking the status of the Search Customer by Name....
13:41:07.629 [main] INFO  stepDefinitions.steps - ..........Ended with Passed Scenario...............
13:41:12.618 [main] INFO  stepDefinitions.steps - Browser opens the url
13:41:13.717 [main] INFO  stepDefinitions.steps - Entered the username....
13:41:14.847 [main] INFO  stepDefinitions.steps - Entered the password....
13:41:19.668 [main] INFO  stepDefinitions.steps - Clicked the login button
13:41:19.702 [main] INFO  stepDefinitions.steps - Get the title of the page
13:41:22.565 [main] INFO  stepDefinitions.steps - Get the title of the page
13:41:22.587 [main] INFO  stepDefinitions.steps - ..........Ended with Passed Scenario...............
13:41:27.818 [main] INFO  stepDefinitions.steps - Browser opens the url
13:41:28.943 [main] INFO  stepDefinitions.steps - Entered the username....
13:41:30.129 [main] INFO  stepDefinitions.steps - Entered the password....
13:41:32.330 [main] INFO  stepDefinitions.steps - Clicked the login button
13:41:32.338 [main] ERROR stepDefinitions.steps - Login was unsuccessful....
13:41:37.021 [main] INFO  stepDefinitions.steps - Browser opens the url
13:41:38.140 [main] INFO  stepDefinitions.steps - Entered the username....
13:41:39.224 [main] INFO  stepDefinitions.steps - Entered the password....
13:41:44.494 [main] INFO  stepDefinitions.steps - Clicked the login button
13:41:44.521 [main] INFO  stepDefinitions.steps - Get the title of the page
13:41:47.386 [main] INFO  stepDefinitions.steps - Get the title of the page
13:41:47.405 [main] INFO  stepDefinitions.steps - ..........Ended with Passed Scenario...............
13:41:52.026 [main] INFO  stepDefinitions.steps - Browser opens the url
13:41:53.133 [main] INFO  stepDefinitions.steps - Entered the username....
13:41:54.217 [main] INFO  stepDefinitions.steps - Entered the password....
13:41:56.420 [main] INFO  stepDefinitions.steps - Clicked the login button
13:41:56.428 [main] ERROR stepDefinitions.steps - Login was unsuccessful....
15:56:07.794 [main] INFO  stepDefinitions.steps - Browser opens the url
15:56:08.922 [main] INFO  stepDefinitions.steps - Entered the username....
15:56:10.051 [main] INFO  stepDefinitions.steps - Entered the password....
15:56:14.779 [main] INFO  stepDefinitions.steps - Clicked the login button
15:56:18.880 [main] INFO  stepDefinitions.steps - Click on the customer menus...
15:56:23.001 [main] INFO  stepDefinitions.steps - Click on the customer menu Item...
15:56:27.077 [main] INFO  stepDefinitions.steps - Click on the customer sub menu...
15:56:29.086 [main] INFO  stepDefinitions.steps - Click on the add new customer
15:56:32.546 [main] INFO  stepDefinitions.steps - Click on save button...
15:56:32.702 [main] INFO  stepDefinitions.steps - Checking the customer added message...
15:56:32.733 [main] INFO  stepDefinitions.steps - ..........Ended with Passed Scenario...............
15:56:37.620 [main] INFO  stepDefinitions.steps - Browser opens the url
15:56:38.756 [main] INFO  stepDefinitions.steps - Entered the username....
15:56:39.852 [main] INFO  stepDefinitions.steps - Entered the password....
15:56:44.607 [main] INFO  stepDefinitions.steps - Clicked the login button
15:56:44.656 [main] INFO  stepDefinitions.steps - Get the title of the page
15:56:47.464 [main] INFO  stepDefinitions.steps - Get the title of the page
15:56:47.480 [main] INFO  stepDefinitions.steps - ..........Ended with Passed Scenario...............
15:58:55.648 [main] INFO  stepDefinitions.steps - Browser opens the url
15:58:56.773 [main] INFO  stepDefinitions.steps - Entered the username....
15:58:57.853 [main] INFO  stepDefinitions.steps - Entered the password....
15:59:03.597 [main] INFO  stepDefinitions.steps - Clicked the login button
15:59:07.708 [main] INFO  stepDefinitions.steps - Click on the customer menus...
15:59:11.805 [main] INFO  stepDefinitions.steps - Click on the customer menu Item...
15:59:15.913 [main] INFO  stepDefinitions.steps - Entered the Email id for serach Customer....
15:59:16.975 [main] INFO  stepDefinitions.steps - Click on the save button....
15:59:17.007 [main] INFO  stepDefinitions.steps - Checking the status of the Search Customer by Email....
15:59:17.038 [main] INFO  stepDefinitions.steps - ..........Ended with Passed Scenario...............
15:59:22.361 [main] INFO  stepDefinitions.steps - Browser opens the url
15:59:23.482 [main] INFO  stepDefinitions.steps - Entered the username....
15:59:24.602 [main] INFO  stepDefinitions.steps - Entered the password....
15:59:29.663 [main] INFO  stepDefinitions.steps - Clicked the login button
15:59:33.815 [main] INFO  stepDefinitions.steps - Click on the customer menus...
15:59:37.917 [main] INFO  stepDefinitions.steps - Click on the customer menu Item...
15:59:37.996 [main] INFO  stepDefinitions.steps - Enter the First Name....
15:59:39.100 [main] INFO  stepDefinitions.steps - Enter the last name....
15:59:40.159 [main] INFO  stepDefinitions.steps - Click on the save button....
15:59:40.190 [main] INFO  stepDefinitions.steps - Checking the status of the Search Customer by Name....
15:59:40.205 [main] INFO  stepDefinitions.steps - ..........Ended with Passed Scenario...............
15:59:45.007 [main] INFO  stepDefinitions.steps - Browser opens the url
15:59:46.115 [main] INFO  stepDefinitions.steps - Entered the username....
15:59:47.194 [main] INFO  stepDefinitions.steps - Entered the password....
15:59:49.385 [main] INFO  stepDefinitions.steps - Clicked the login button
15:59:49.395 [main] ERROR stepDefinitions.steps - Login was unsuccessful....
15:59:54.028 [main] INFO  stepDefinitions.steps - Browser opens the url
15:59:55.169 [main] INFO  stepDefinitions.steps - Entered the username....
15:59:56.258 [main] INFO  stepDefinitions.steps - Entered the password....
16:00:00.655 [main] INFO  stepDefinitions.steps - Clicked the login button
16:00:00.722 [main] INFO  stepDefinitions.steps - Get the title of the page
16:00:03.449 [main] INFO  stepDefinitions.steps - Get the title of the page
16:00:03.465 [main] INFO  stepDefinitions.steps - ..........Ended with Passed Scenario...............
16:00:08.301 [main] INFO  stepDefinitions.steps - Browser opens the url
16:00:09.421 [main] INFO  stepDefinitions.steps - Entered the username....
16:00:10.535 [main] INFO  stepDefinitions.steps - Entered the password....
16:00:12.776 [main] INFO  stepDefinitions.steps - Clicked the login button
16:00:12.785 [main] ERROR stepDefinitions.steps - Login was unsuccessful....
16:05:26.493 [main] INFO  stepDefinitions.steps - Browser opens the url
16:05:27.610 [main] INFO  stepDefinitions.steps - Entered the username....
16:05:28.693 [main] INFO  stepDefinitions.steps - Entered the password....
16:05:33.322 [main] INFO  stepDefinitions.steps - Clicked the login button
16:05:37.449 [main] INFO  stepDefinitions.steps - Click on the customer menus...
16:05:41.533 [main] INFO  stepDefinitions.steps - Click on the customer menu Item...
16:05:45.648 [main] INFO  stepDefinitions.steps - Click on the customer sub menu...
16:05:47.694 [main] INFO  stepDefinitions.steps - Click on the add new customer
16:05:51.090 [main] INFO  stepDefinitions.steps - Click on save button...
16:05:51.215 [main] INFO  stepDefinitions.steps - Checking the customer added message...
16:05:51.230 [main] INFO  stepDefinitions.steps - ..........Ended with Passed Scenario...............
16:05:56.127 [main] INFO  stepDefinitions.steps - Browser opens the url
16:05:57.246 [main] INFO  stepDefinitions.steps - Entered the username....
16:05:58.382 [main] INFO  stepDefinitions.steps - Entered the password....
16:06:03.963 [main] INFO  stepDefinitions.steps - Clicked the login button
16:06:08.064 [main] INFO  stepDefinitions.steps - Click on the customer menus...
16:06:12.187 [main] INFO  stepDefinitions.steps - Click on the customer menu Item...
16:06:16.290 [main] INFO  stepDefinitions.steps - Entered the Email id for serach Customer....
16:06:17.352 [main] INFO  stepDefinitions.steps - Click on the save button....
16:06:17.383 [main] INFO  stepDefinitions.steps - Checking the status of the Search Customer by Email....
16:06:17.399 [main] INFO  stepDefinitions.steps - ..........Ended with Passed Scenario...............
16:06:21.094 [main] INFO  stepDefinitions.steps - Browser opens the url
16:06:22.203 [main] INFO  stepDefinitions.steps - Entered the username....
16:06:23.325 [main] INFO  stepDefinitions.steps - Entered the password....
16:06:27.832 [main] INFO  stepDefinitions.steps - Clicked the login button
16:06:31.920 [main] INFO  stepDefinitions.steps - Click on the customer menus...
16:06:35.994 [main] INFO  stepDefinitions.steps - Click on the customer menu Item...
16:06:36.061 [main] INFO  stepDefinitions.steps - Enter the First Name....
16:06:37.173 [main] INFO  stepDefinitions.steps - Enter the last name....
16:06:38.228 [main] INFO  stepDefinitions.steps - Click on the save button....
16:06:38.259 [main] INFO  stepDefinitions.steps - Checking the status of the Search Customer by Name....
16:06:38.275 [main] INFO  stepDefinitions.steps - ..........Ended with Passed Scenario...............
16:06:43.704 [main] INFO  stepDefinitions.steps - Browser opens the url
16:06:44.819 [main] INFO  stepDefinitions.steps - Entered the username....
16:06:45.897 [main] INFO  stepDefinitions.steps - Entered the password....
16:06:50.594 [main] INFO  stepDefinitions.steps - Clicked the login button
16:06:50.628 [main] INFO  stepDefinitions.steps - Get the title of the page
16:06:53.522 [main] INFO  stepDefinitions.steps - Get the title of the page
16:06:53.537 [main] INFO  stepDefinitions.steps - ..........Ended with Passed Scenario...............
16:06:57.796 [main] INFO  stepDefinitions.steps - Browser opens the url
16:06:58.917 [main] INFO  stepDefinitions.steps - Entered the username....
16:06:59.987 [main] INFO  stepDefinitions.steps - Entered the password....
16:07:02.208 [main] INFO  stepDefinitions.steps - Clicked the login button
16:07:02.217 [main] ERROR stepDefinitions.steps - Login was unsuccessful....
16:07:09.359 [main] INFO  stepDefinitions.steps - Browser opens the url
16:07:10.489 [main] INFO  stepDefinitions.steps - Entered the username....
16:07:11.558 [main] INFO  stepDefinitions.steps - Entered the password....
16:07:16.418 [main] INFO  stepDefinitions.steps - Clicked the login button
16:07:16.452 [main] INFO  stepDefinitions.steps - Get the title of the page
16:07:19.698 [main] INFO  stepDefinitions.steps - Get the title of the page
16:07:19.717 [main] INFO  stepDefinitions.steps - ..........Ended with Passed Scenario...............
16:07:24.941 [main] INFO  stepDefinitions.steps - Browser opens the url
16:07:26.039 [main] INFO  stepDefinitions.steps - Entered the username....
16:07:27.112 [main] INFO  stepDefinitions.steps - Entered the password....
16:07:29.311 [main] INFO  stepDefinitions.steps - Clicked the login button
16:07:29.319 [main] ERROR stepDefinitions.steps - Login was unsuccessful....
16:07:53.051 [main] INFO  stepDefinitions.steps - Browser opens the url
16:07:54.158 [main] INFO  stepDefinitions.steps - Entered the username....
16:07:55.275 [main] INFO  stepDefinitions.steps - Entered the password....
16:08:00.975 [main] INFO  stepDefinitions.steps - Clicked the login button
16:08:05.081 [main] INFO  stepDefinitions.steps - Click on the customer menus...
16:08:09.173 [main] INFO  stepDefinitions.steps - Click on the customer menu Item...
16:08:13.303 [main] INFO  stepDefinitions.steps - Click on the customer sub menu...
16:08:15.341 [main] INFO  stepDefinitions.steps - Click on the add new customer
16:08:18.758 [main] INFO  stepDefinitions.steps - Click on save button...
16:08:18.915 [main] INFO  stepDefinitions.steps - Checking the customer added message...
16:08:18.930 [main] INFO  stepDefinitions.steps - ..........Ended with Passed Scenario...............
16:08:22.922 [main] INFO  stepDefinitions.steps - Browser opens the url
16:08:24.035 [main] INFO  stepDefinitions.steps - Entered the username....
16:08:25.156 [main] INFO  stepDefinitions.steps - Entered the password....
16:08:31.025 [main] INFO  stepDefinitions.steps - Clicked the login button
16:08:31.066 [main] INFO  stepDefinitions.steps - Get the title of the page
16:08:33.910 [main] INFO  stepDefinitions.steps - Get the title of the page
16:08:33.925 [main] INFO  stepDefinitions.steps - ..........Ended with Passed Scenario...............
16:20:47.061 [main] INFO  stepDefinitions.steps - Browser opens the url
16:20:48.184 [main] INFO  stepDefinitions.steps - Entered the username....
16:20:49.257 [main] INFO  stepDefinitions.steps - Entered the password....
16:20:54.374 [main] INFO  stepDefinitions.steps - Clicked the login button
16:20:57.513 [main] INFO  stepDefinitions.steps - Click on the customer menus...
16:21:00.564 [main] INFO  stepDefinitions.steps - Click on the customer menu Item...
16:21:03.667 [main] INFO  stepDefinitions.steps - Click on the customer sub menu...
16:21:04.668 [main] INFO  stepDefinitions.steps - Click on the add new customer
16:21:08.025 [main] INFO  stepDefinitions.steps - Click on save button...
16:21:08.165 [main] INFO  stepDefinitions.steps - Checking the customer added message...
16:21:08.181 [main] INFO  stepDefinitions.steps - ..........Ended with Passed Scenario...............
16:21:12.444 [main] INFO  stepDefinitions.steps - Browser opens the url
16:21:13.569 [main] INFO  stepDefinitions.steps - Entered the username....
16:21:14.649 [main] INFO  stepDefinitions.steps - Entered the password....
16:21:19.929 [main] INFO  stepDefinitions.steps - Clicked the login button
16:21:23.019 [main] INFO  stepDefinitions.steps - Click on the customer menus...
16:21:26.116 [main] INFO  stepDefinitions.steps - Click on the customer menu Item...
16:21:30.215 [main] INFO  stepDefinitions.steps - Entered the Email id for serach Customer....
16:21:31.276 [main] INFO  stepDefinitions.steps - Click on the save button....
16:21:31.323 [main] INFO  stepDefinitions.steps - Checking the status of the Search Customer by Email....
16:21:31.339 [main] INFO  stepDefinitions.steps - ..........Ended with Passed Scenario...............
16:21:36.255 [main] INFO  stepDefinitions.steps - Browser opens the url
16:21:37.385 [main] INFO  stepDefinitions.steps - Entered the username....
16:21:38.507 [main] INFO  stepDefinitions.steps - Entered the password....
16:21:43.289 [main] INFO  stepDefinitions.steps - Clicked the login button
16:21:46.436 [main] INFO  stepDefinitions.steps - Click on the customer menus...
16:21:49.516 [main] INFO  stepDefinitions.steps - Click on the customer menu Item...
16:21:49.585 [main] INFO  stepDefinitions.steps - Enter the First Name....
16:21:50.685 [main] INFO  stepDefinitions.steps - Enter the last name....
16:21:51.737 [main] INFO  stepDefinitions.steps - Click on the save button....
16:21:51.769 [main] INFO  stepDefinitions.steps - Checking the status of the Search Customer by Name....
16:21:51.784 [main] INFO  stepDefinitions.steps - ..........Ended with Passed Scenario...............
16:21:56.566 [main] INFO  stepDefinitions.steps - Browser opens the url
16:21:57.675 [main] INFO  stepDefinitions.steps - Entered the username....
16:21:58.756 [main] INFO  stepDefinitions.steps - Entered the password....
16:22:03.521 [main] INFO  stepDefinitions.steps - Clicked the login button
16:22:03.550 [main] INFO  stepDefinitions.steps - Get the title of the page
16:22:09.375 [main] INFO  stepDefinitions.steps - Browser opens the url
16:22:10.480 [main] INFO  stepDefinitions.steps - Entered the username....
16:22:11.600 [main] INFO  stepDefinitions.steps - Entered the password....
16:22:13.841 [main] INFO  stepDefinitions.steps - Clicked the login button
16:22:13.849 [main] ERROR stepDefinitions.steps - Login was unsuccessful....
16:22:18.933 [main] INFO  stepDefinitions.steps - Browser opens the url
16:22:20.061 [main] INFO  stepDefinitions.steps - Entered the username....
16:22:21.184 [main] INFO  stepDefinitions.steps - Entered the password....
16:22:24.406 [main] INFO  stepDefinitions.steps - Clicked the login button
16:22:24.424 [main] INFO  stepDefinitions.steps - Get the title of the page
16:22:27.066 [main] INFO  stepDefinitions.steps - Get the title of the page
16:22:27.081 [main] INFO  stepDefinitions.steps - ..........Ended with Passed Scenario...............
16:22:31.556 [main] INFO  stepDefinitions.steps - Browser opens the url
16:22:32.689 [main] INFO  stepDefinitions.steps - Entered the username....
16:22:33.807 [main] INFO  stepDefinitions.steps - Entered the password....
16:22:36.010 [main] INFO  stepDefinitions.steps - Clicked the login button
16:22:36.019 [main] ERROR stepDefinitions.steps - Login was unsuccessful....
16:34:34.706 [main] INFO  stepDefinitions.steps - Browser opens the url
16:34:35.825 [main] INFO  stepDefinitions.steps - Entered the username....
16:34:36.934 [main] INFO  stepDefinitions.steps - Entered the password....
16:34:41.463 [main] INFO  stepDefinitions.steps - Clicked the login button
16:34:44.664 [main] INFO  stepDefinitions.steps - Click on the customer menus...
16:34:47.782 [main] INFO  stepDefinitions.steps - Click on the customer menu Item...
16:34:50.876 [main] INFO  stepDefinitions.steps - Click on the customer sub menu...
16:34:51.882 [main] INFO  stepDefinitions.steps - Click on the add new customer
16:34:55.300 [main] INFO  stepDefinitions.steps - Click on save button...
16:34:55.440 [main] INFO  stepDefinitions.steps - Checking the customer added message...
16:34:55.456 [main] INFO  stepDefinitions.steps - ..........Ended with Passed Scenario...............
16:34:59.783 [main] INFO  stepDefinitions.steps - Browser opens the url
16:35:00.897 [main] INFO  stepDefinitions.steps - Entered the username....
16:35:01.969 [main] INFO  stepDefinitions.steps - Entered the password....
16:35:05.930 [main] INFO  stepDefinitions.steps - Clicked the login button
16:35:09.073 [main] INFO  stepDefinitions.steps - Click on the customer menus...
16:35:12.238 [main] INFO  stepDefinitions.steps - Click on the customer menu Item...
16:35:16.336 [main] INFO  stepDefinitions.steps - Entered the Email id for serach Customer....
16:35:17.393 [main] INFO  stepDefinitions.steps - Click on the save button....
16:35:17.424 [main] INFO  stepDefinitions.steps - Checking the status of the Search Customer by Email....
16:35:17.439 [main] INFO  stepDefinitions.steps - ..........Ended with Passed Scenario...............
16:35:23.179 [main] INFO  stepDefinitions.steps - Browser opens the url
16:35:24.330 [main] INFO  stepDefinitions.steps - Entered the username....
16:35:25.417 [main] INFO  stepDefinitions.steps - Entered the password....
16:35:30.573 [main] INFO  stepDefinitions.steps - Clicked the login button
16:35:33.663 [main] INFO  stepDefinitions.steps - Click on the customer menus...
16:35:36.742 [main] INFO  stepDefinitions.steps - Click on the customer menu Item...
16:35:36.806 [main] INFO  stepDefinitions.steps - Enter the First Name....
16:35:37.905 [main] INFO  stepDefinitions.steps - Enter the last name....
16:35:39.032 [main] INFO  stepDefinitions.steps - Click on the save button....
16:35:39.063 [main] INFO  stepDefinitions.steps - Checking the status of the Search Customer by Name....
16:35:39.079 [main] INFO  stepDefinitions.steps - ..........Ended with Passed Scenario...............
16:35:42.730 [main] INFO  stepDefinitions.steps - Browser opens the url
16:35:43.846 [main] INFO  stepDefinitions.steps - Entered the username....
16:35:44.925 [main] INFO  stepDefinitions.steps - Entered the password....
16:35:49.309 [main] INFO  stepDefinitions.steps - Clicked the login button
16:35:49.367 [main] INFO  stepDefinitions.steps - Get the title of the page
16:35:53.351 [main] INFO  stepDefinitions.steps - Get the title of the page
16:35:53.367 [main] INFO  stepDefinitions.steps - ..........Ended with Passed Scenario...............
16:35:58.521 [main] INFO  stepDefinitions.steps - Browser opens the url
16:35:59.654 [main] INFO  stepDefinitions.steps - Entered the username....
16:36:00.757 [main] INFO  stepDefinitions.steps - Entered the password....
16:36:02.222 [main] INFO  stepDefinitions.steps - Clicked the login button
16:36:02.229 [main] ERROR stepDefinitions.steps - Login was unsuccessful....
16:36:07.991 [main] INFO  stepDefinitions.steps - Browser opens the url
16:36:09.111 [main] INFO  stepDefinitions.steps - Entered the username....
16:36:10.228 [main] INFO  stepDefinitions.steps - Entered the password....
16:36:14.867 [main] INFO  stepDefinitions.steps - Clicked the login button
16:36:14.890 [main] INFO  stepDefinitions.steps - Get the title of the page
16:36:18.565 [main] INFO  stepDefinitions.steps - Get the title of the page
16:36:18.578 [main] INFO  stepDefinitions.steps - ..........Ended with Passed Scenario...............
16:36:22.475 [main] INFO  stepDefinitions.steps - Browser opens the url
16:36:23.586 [main] INFO  stepDefinitions.steps - Entered the username....
16:36:24.696 [main] INFO  stepDefinitions.steps - Entered the password....
16:36:26.877 [main] INFO  stepDefinitions.steps - Clicked the login button
16:36:26.885 [main] ERROR stepDefinitions.steps - Login was unsuccessful....
19:57:05.666 [main] INFO  stepDefinitions.steps - Browser opens the url
19:57:06.809 [main] INFO  stepDefinitions.steps - Entered the username....
19:57:07.899 [main] INFO  stepDefinitions.steps - Entered the password....
19:57:14.029 [main] INFO  stepDefinitions.steps - Clicked the login button
19:57:17.127 [main] INFO  stepDefinitions.steps - Click on the customer menus...
19:57:20.266 [main] INFO  stepDefinitions.steps - Click on the customer menu Item...
19:57:24.318 [main] INFO  stepDefinitions.steps - Click on the customer sub menu...
19:57:25.327 [main] INFO  stepDefinitions.steps - Click on the add new customer
19:57:42.201 [main] INFO  stepDefinitions.steps - Browser opens the url
19:57:43.305 [main] INFO  stepDefinitions.steps - Entered the username....
19:57:44.383 [main] INFO  stepDefinitions.steps - Entered the password....
19:57:48.569 [main] INFO  stepDefinitions.steps - Clicked the login button
19:57:51.638 [main] INFO  stepDefinitions.steps - Click on the customer menus...
19:57:54.950 [main] INFO  stepDefinitions.steps - Click on the customer menu Item...
19:57:59.046 [main] INFO  stepDefinitions.steps - Entered the Email id for serach Customer....
19:58:00.109 [main] INFO  stepDefinitions.steps - Click on the save button....
19:58:00.148 [main] INFO  stepDefinitions.steps - Checking the status of the Search Customer by Email....
19:58:00.168 [main] INFO  stepDefinitions.steps - ..........Ended with Passed Scenario...............
19:58:04.795 [main] INFO  stepDefinitions.steps - Browser opens the url
19:58:05.907 [main] INFO  stepDefinitions.steps - Entered the username....
19:58:06.991 [main] INFO  stepDefinitions.steps - Entered the password....
19:58:11.328 [main] INFO  stepDefinitions.steps - Clicked the login button
19:58:14.405 [main] INFO  stepDefinitions.steps - Click on the customer menus...
19:58:17.572 [main] INFO  stepDefinitions.steps - Click on the customer menu Item...
19:58:17.644 [main] INFO  stepDefinitions.steps - Enter the First Name....
19:58:18.718 [main] INFO  stepDefinitions.steps - Enter the last name....
19:58:19.765 [main] INFO  stepDefinitions.steps - Click on the save button....
19:58:19.799 [main] INFO  stepDefinitions.steps - Checking the status of the Search Customer by Name....
19:58:19.814 [main] INFO  stepDefinitions.steps - ..........Ended with Passed Scenario...............
19:58:25.042 [main] INFO  stepDefinitions.steps - Browser opens the url
19:58:26.163 [main] INFO  stepDefinitions.steps - Entered the username....
19:58:27.242 [main] INFO  stepDefinitions.steps - Entered the password....
19:58:31.983 [main] INFO  stepDefinitions.steps - Clicked the login button
19:58:32.039 [main] INFO  stepDefinitions.steps - Get the title of the page
19:58:35.825 [main] INFO  stepDefinitions.steps - Get the title of the page
19:58:35.837 [main] INFO  stepDefinitions.steps - ..........Ended with Passed Scenario...............
19:58:39.904 [main] INFO  stepDefinitions.steps - Browser opens the url
19:58:41.009 [main] INFO  stepDefinitions.steps - Entered the username....
19:58:42.089 [main] INFO  stepDefinitions.steps - Entered the password....
19:58:44.285 [main] INFO  stepDefinitions.steps - Clicked the login button
19:58:44.293 [main] ERROR stepDefinitions.steps - Login was unsuccessful....
19:58:49.029 [main] INFO  stepDefinitions.steps - Browser opens the url
19:58:50.134 [main] INFO  stepDefinitions.steps - Entered the username....
19:58:51.234 [main] INFO  stepDefinitions.steps - Entered the password....
19:58:56.103 [main] INFO  stepDefinitions.steps - Clicked the login button
19:58:56.128 [main] INFO  stepDefinitions.steps - Get the title of the page
19:59:00.017 [main] INFO  stepDefinitions.steps - Get the title of the page
19:59:00.033 [main] INFO  stepDefinitions.steps - ..........Ended with Passed Scenario...............
19:59:04.288 [main] INFO  stepDefinitions.steps - Browser opens the url
19:59:05.383 [main] INFO  stepDefinitions.steps - Entered the username....
19:59:06.494 [main] INFO  stepDefinitions.steps - Entered the password....
19:59:07.960 [main] INFO  stepDefinitions.steps - Clicked the login button
19:59:07.967 [main] ERROR stepDefinitions.steps - Login was unsuccessful....
